{"numTotalTestSuites":60,"numPassedTestSuites":60,"numFailedTestSuites":0,"numPendingTestSuites":0,"numTotalTests":103,"numPassedTests":103,"numFailedTests":0,"numPendingTests":0,"numTodoTests":0,"snapshot":{"added":0,"failure":false,"filesAdded":0,"filesRemoved":0,"filesRemovedList":[],"filesUnmatched":0,"filesUpdated":0,"matched":0,"total":0,"unchecked":0,"uncheckedKeysByFile":[],"unmatched":0,"updated":0,"didUpdate":false},"startTime":1752754087857,"success":true,"testResults":[{"assertionResults":[{"ancestorTitles":[],"fullName":"renders loading state initially","status":"passed","title":"renders loading state initially","duration":104.64454699999987,"failureMessages":[],"meta":{}},{"ancestorTitles":[],"fullName":"renders dashboard stats after loading","status":"passed","title":"renders dashboard stats after loading","duration":167.3698599999998,"failureMessages":[],"meta":{}}],"startTime":1752754092236,"endTime":1752754092508.3699,"status":"passed","message":"","name":"/home/snake/Documents/3yp-railLynk-front/src/__test__/integration/AdminDashboard.test.jsx"},{"assertionResults":[{"ancestorTitles":["Login Integration Test"],"fullName":"Login Integration Test logs in a passenger and redirects to /passengerDashboard","status":"passed","title":"logs in a passenger and redirects to /passengerDashboard","duration":342.838974,"failureMessages":[],"meta":{}},{"ancestorTitles":["Login Integration Test"],"fullName":"Login Integration Test logs in a station user and redirects to /stationDashboard","status":"passed","title":"logs in a station user and redirects to /stationDashboard","duration":283.4702379999999,"failureMessages":[],"meta":{}}],"startTime":1752754089850,"endTime":1752754090477.4702,"status":"passed","message":"","name":"/home/snake/Documents/3yp-railLynk-front/src/__test__/integration/Login.integration.test.jsx"},{"assertionResults":[{"ancestorTitles":["PassengerRegister Integration Test (Vitest)"],"fullName":"PassengerRegister Integration Test (Vitest) should show API error message on failure","status":"passed","title":"should show API error message on failure","duration":381.9591439999999,"failureMessages":[],"meta":{}}],"startTime":1752754089961,"endTime":1752754090342.9592,"status":"passed","message":"","name":"/home/snake/Documents/3yp-railLynk-front/src/__test__/integration/PassengerRegister.test.jsx"},{"assertionResults":[{"ancestorTitles":[],"fullName":"renders title and date picker","status":"passed","title":"renders title and date picker","duration":276.80706799999984,"failureMessages":[],"meta":{}},{"ancestorTitles":[],"fullName":"shows loading and then transactions","status":"passed","title":"shows loading and then transactions","duration":73.23811599999999,"failureMessages":[],"meta":{}},{"ancestorTitles":[],"fullName":"shows message for no transactions","status":"passed","title":"shows message for no transactions","duration":24.519318999999996,"failureMessages":[],"meta":{}},{"ancestorTitles":[],"fullName":"handles API error gracefully","status":"passed","title":"handles API error gracefully","duration":35.82919600000014,"failureMessages":[],"meta":{}},{"ancestorTitles":[],"fullName":"fetches again on date change and button click","status":"passed","title":"fetches again on date change and button click","duration":74.24271499999986,"failureMessages":[],"meta":{}}],"startTime":1752754089895,"endTime":1752754090379.2427,"status":"passed","message":"","name":"/home/snake/Documents/3yp-railLynk-front/src/__test__/integration/PassengerTransactionPage.test.jsx"},{"assertionResults":[{"ancestorTitles":["RechargePage Integration Test"],"fullName":"RechargePage Integration Test successfully recharges card","status":"passed","title":"successfully recharges card","duration":338.3083399999998,"failureMessages":[],"meta":{}},{"ancestorTitles":["RechargePage Integration Test"],"fullName":"RechargePage Integration Test shows error when recharge fails","status":"passed","title":"shows error when recharge fails","duration":57.06288600000016,"failureMessages":[],"meta":{}}],"startTime":1752754091727,"endTime":1752754092123.063,"status":"passed","message":"","name":"/home/snake/Documents/3yp-railLynk-front/src/__test__/integration/RechargePage.test.jsx"},{"assertionResults":[{"ancestorTitles":["StationRegister Integration Test"],"fullName":"StationRegister Integration Test registers a station successfully","status":"passed","title":"registers a station successfully","duration":322.8812620000001,"failureMessages":[],"meta":{}},{"ancestorTitles":["StationRegister Integration Test"],"fullName":"StationRegister Integration Test shows validation errors when fields are empty","status":"passed","title":"shows validation errors when fields are empty","duration":81.44509199999993,"failureMessages":[],"meta":{}}],"startTime":1752754089837,"endTime":1752754090241.445,"status":"passed","message":"","name":"/home/snake/Documents/3yp-railLynk-front/src/__test__/integration/StationRegister.test.jsx"},{"assertionResults":[{"ancestorTitles":["API Module"],"fullName":"API Module placeholder test","status":"passed","title":"placeholder test","duration":2.1589399999998022,"failureMessages":[],"meta":{}}],"startTime":1752754093674,"endTime":1752754093676.159,"status":"passed","message":"","name":"/home/snake/Documents/3yp-railLynk-front/src/__test__/unit/API.test.jsx"},{"assertionResults":[{"ancestorTitles":["About Page","Rendering"],"fullName":"About Page Rendering renders without crashing","status":"passed","title":"renders without crashing","duration":154.35951999999997,"failureMessages":[],"meta":{}},{"ancestorTitles":["About Page","Rendering"],"fullName":"About Page Rendering displays about page content","status":"passed","title":"displays about page content","duration":69.07115599999997,"failureMessages":[],"meta":{}},{"ancestorTitles":["About Page","Rendering"],"fullName":"About Page Rendering has proper page structure","status":"passed","title":"has proper page structure","duration":31.78243199999997,"failureMessages":[],"meta":{}},{"ancestorTitles":["About Page","Content"],"fullName":"About Page Content displays railway system information","status":"passed","title":"displays railway system information","duration":56.71024000000034,"failureMessages":[],"meta":{}},{"ancestorTitles":["About Page","Content"],"fullName":"About Page Content displays company or project information","status":"passed","title":"displays company or project information","duration":35.85874199999989,"failureMessages":[],"meta":{}},{"ancestorTitles":["About Page","Navigation"],"fullName":"About Page Navigation renders navigation elements if present","status":"passed","title":"renders navigation elements if present","duration":51.05104900000015,"failureMessages":[],"meta":{}},{"ancestorTitles":["About Page","Accessibility"],"fullName":"About Page Accessibility has accessible content structure","status":"passed","title":"has accessible content structure","duration":55.16440999999986,"failureMessages":[],"meta":{}},{"ancestorTitles":["About Page","Accessibility"],"fullName":"About Page Accessibility provides meaningful content for screen readers","status":"passed","title":"provides meaningful content for screen readers","duration":47.3252980000002,"failureMessages":[],"meta":{}},{"ancestorTitles":["About Page","Responsive Design"],"fullName":"About Page Responsive Design renders appropriately on different screen sizes","status":"passed","title":"renders appropriately on different screen sizes","duration":40.84619100000009,"failureMessages":[],"meta":{}},{"ancestorTitles":["About Page","SEO and Meta Information"],"fullName":"About Page SEO and Meta Information provides content for SEO optimization","status":"passed","title":"provides content for SEO optimization","duration":42.43501400000014,"failureMessages":[],"meta":{}}],"startTime":1752754089811,"endTime":1752754090397.435,"status":"passed","message":"","name":"/home/snake/Documents/3yp-railLynk-front/src/__test__/unit/About.test.jsx"},{"assertionResults":[{"ancestorTitles":["AdminDashboard Component","Initial Rendering"],"fullName":"AdminDashboard Component Initial Rendering renders loading state initially","status":"passed","title":"renders loading state initially","duration":130.74201100000005,"failureMessages":[],"meta":{}},{"ancestorTitles":["AdminDashboard Component","Initial Rendering"],"fullName":"AdminDashboard Component Initial Rendering renders dashboard title","status":"passed","title":"renders dashboard title","duration":115.78577799999994,"failureMessages":[],"meta":{}},{"ancestorTitles":["AdminDashboard Component","Dashboard Statistics"],"fullName":"AdminDashboard Component Dashboard Statistics displays dashboard stats after loading","status":"passed","title":"displays dashboard stats after loading","duration":122.00744000000032,"failureMessages":[],"meta":{}},{"ancestorTitles":["AdminDashboard Component","Dashboard Charts"],"fullName":"AdminDashboard Component Dashboard Charts displays chart sections when data is loaded","status":"passed","title":"displays chart sections when data is loaded","duration":75.39677699999993,"failureMessages":[],"meta":{}},{"ancestorTitles":["AdminDashboard Component","API Integration"],"fullName":"AdminDashboard Component API Integration calls dashboard stats API on mount","status":"passed","title":"calls dashboard stats API on mount","duration":47.538704999999936,"failureMessages":[],"meta":{}}],"startTime":1752754089838,"endTime":1752754090330.5388,"status":"passed","message":"","name":"/home/snake/Documents/3yp-railLynk-front/src/__test__/unit/AdminDashboard.test.jsx"},{"assertionResults":[{"ancestorTitles":["AdminDashboard"],"fullName":"AdminDashboard placeholder test","status":"passed","title":"placeholder test","duration":2.0941060000000107,"failureMessages":[],"meta":{}}],"startTime":1752754093615,"endTime":1752754093617.094,"status":"passed","message":"","name":"/home/snake/Documents/3yp-railLynk-front/src/__test__/unit/AdminDashbord.test.jsx"},{"assertionResults":[{"ancestorTitles":["AdminLogin"],"fullName":"AdminLogin should render without crashing","status":"passed","title":"should render without crashing","duration":77.32444099999998,"failureMessages":[],"meta":{}},{"ancestorTitles":["AdminLogin"],"fullName":"AdminLogin should display username and password fields","status":"passed","title":"should display username and password fields","duration":23.772816000000148,"failureMessages":[],"meta":{}},{"ancestorTitles":["AdminLogin"],"fullName":"AdminLogin should display login button","status":"passed","title":"should display login button","duration":152.87207499999977,"failureMessages":[],"meta":{}},{"ancestorTitles":["AdminLogin"],"fullName":"AdminLogin should allow typing in username field","status":"passed","title":"should allow typing in username field","duration":34.458018999999695,"failureMessages":[],"meta":{}},{"ancestorTitles":["AdminLogin"],"fullName":"AdminLogin should allow typing in password field","status":"passed","title":"should allow typing in password field","duration":21.85749799999985,"failureMessages":[],"meta":{}},{"ancestorTitles":["AdminLogin"],"fullName":"AdminLogin should show validation error when fields are empty","status":"passed","title":"should show validation error when fields are empty","duration":42.17944599999964,"failureMessages":[],"meta":{}},{"ancestorTitles":["AdminLogin"],"fullName":"AdminLogin should show validation error when only username is filled","status":"passed","title":"should show validation error when only username is filled","duration":39.684283999999934,"failureMessages":[],"meta":{}},{"ancestorTitles":["AdminLogin"],"fullName":"AdminLogin should show validation error when only password is filled","status":"passed","title":"should show validation error when only password is filled","duration":30.613129999999728,"failureMessages":[],"meta":{}},{"ancestorTitles":["AdminLogin"],"fullName":"AdminLogin should handle successful login","status":"passed","title":"should handle successful login","duration":53.575878999999986,"failureMessages":[],"meta":{}},{"ancestorTitles":["AdminLogin"],"fullName":"AdminLogin should handle login failure","status":"passed","title":"should handle login failure","duration":55.65541800000028,"failureMessages":[],"meta":{}},{"ancestorTitles":["AdminLogin"],"fullName":"AdminLogin should show loading state during login","status":"passed","title":"should show loading state during login","duration":29.28210900000022,"failureMessages":[],"meta":{}},{"ancestorTitles":["AdminLogin"],"fullName":"AdminLogin should clear localStorage before login","status":"passed","title":"should clear localStorage before login","duration":45.558446,"failureMessages":[],"meta":{}},{"ancestorTitles":["AdminLogin"],"fullName":"AdminLogin should dispatch userTypeChanged event after successful login","status":"passed","title":"should dispatch userTypeChanged event after successful login","duration":49.26081199999999,"failureMessages":[],"meta":{}},{"ancestorTitles":["AdminLogin"],"fullName":"AdminLogin should handle missing tokens in response","status":"passed","title":"should handle missing tokens in response","duration":48.21029700000008,"failureMessages":[],"meta":{}},{"ancestorTitles":["AdminLogin"],"fullName":"AdminLogin should handle network errors","status":"passed","title":"should handle network errors","duration":43.38022799999999,"failureMessages":[],"meta":{}}],"startTime":1752754089851,"endTime":1752754090599.3801,"status":"passed","message":"","name":"/home/snake/Documents/3yp-railLynk-front/src/__test__/unit/AdminLogin.test.jsx"},{"assertionResults":[{"ancestorTitles":["AdminMain"],"fullName":"AdminMain should render without crashing","status":"passed","title":"should render without crashing","duration":74.28749500000004,"failureMessages":[],"meta":{}},{"ancestorTitles":["AdminMain"],"fullName":"AdminMain should display the dashboard title","status":"passed","title":"should display the dashboard title","duration":234.38660600000003,"failureMessages":[],"meta":{}},{"ancestorTitles":["AdminMain"],"fullName":"AdminMain should display stats cards with correct content","status":"passed","title":"should display stats cards with correct content","duration":100.81961699999988,"failureMessages":[],"meta":{}},{"ancestorTitles":["AdminMain"],"fullName":"AdminMain should have correct CSS classes","status":"passed","title":"should have correct CSS classes","duration":11.379277999999886,"failureMessages":[],"meta":{}},{"ancestorTitles":["AdminMain"],"fullName":"AdminMain should display stats in the correct structure","status":"passed","title":"should display stats in the correct structure","duration":9.228753000000097,"failureMessages":[],"meta":{}}],"startTime":1752754091747,"endTime":1752754092177.2288,"status":"passed","message":"","name":"/home/snake/Documents/3yp-railLynk-front/src/__test__/unit/AdminMain.test.jsx"},{"assertionResults":[{"ancestorTitles":["AnnouncementCard"],"fullName":"AnnouncementCard should render without crashing","status":"passed","title":"should render without crashing","duration":25.916157000000112,"failureMessages":[],"meta":{}},{"ancestorTitles":["AnnouncementCard"],"fullName":"AnnouncementCard should display the title","status":"passed","title":"should display the title","duration":121.40473899999984,"failureMessages":[],"meta":{}},{"ancestorTitles":["AnnouncementCard"],"fullName":"AnnouncementCard should display the message","status":"passed","title":"should display the message","duration":10.01058699999976,"failureMessages":[],"meta":{}},{"ancestorTitles":["AnnouncementCard"],"fullName":"AnnouncementCard should display the date","status":"passed","title":"should display the date","duration":6.879290999999739,"failureMessages":[],"meta":{}},{"ancestorTitles":["AnnouncementCard"],"fullName":"AnnouncementCard should have a Read More button","status":"passed","title":"should have a Read More button","duration":80.01127799999995,"failureMessages":[],"meta":{}},{"ancestorTitles":["AnnouncementCard"],"fullName":"AnnouncementCard should show alert with message when Read More is clicked","status":"passed","title":"should show alert with message when Read More is clicked","duration":20.562617000000046,"failureMessages":[],"meta":{}},{"ancestorTitles":["AnnouncementCard"],"fullName":"AnnouncementCard should handle empty props gracefully","status":"passed","title":"should handle empty props gracefully","duration":12.759022000000186,"failureMessages":[],"meta":{}},{"ancestorTitles":["AnnouncementCard"],"fullName":"AnnouncementCard should handle missing title","status":"passed","title":"should handle missing title","duration":7.294492999999875,"failureMessages":[],"meta":{}},{"ancestorTitles":["AnnouncementCard"],"fullName":"AnnouncementCard should handle missing message","status":"passed","title":"should handle missing message","duration":16.11833499999966,"failureMessages":[],"meta":{}},{"ancestorTitles":["AnnouncementCard"],"fullName":"AnnouncementCard should handle missing date","status":"passed","title":"should handle missing date","duration":9.893913999999768,"failureMessages":[],"meta":{}},{"ancestorTitles":["AnnouncementCard"],"fullName":"AnnouncementCard should have correct CSS class","status":"passed","title":"should have correct CSS class","duration":16.349405999999817,"failureMessages":[],"meta":{}},{"ancestorTitles":["AnnouncementCard"],"fullName":"AnnouncementCard should handle long messages","status":"passed","title":"should handle long messages","duration":13.241873999999825,"failureMessages":[],"meta":{}},{"ancestorTitles":["AnnouncementCard"],"fullName":"AnnouncementCard should handle special characters in props","status":"passed","title":"should handle special characters in props","duration":6.293752999999924,"failureMessages":[],"meta":{}}],"startTime":1752754089790,"endTime":1752754090138.2937,"status":"passed","message":"","name":"/home/snake/Documents/3yp-railLynk-front/src/__test__/unit/AnnouncementCard.test.jsx"},{"assertionResults":[{"ancestorTitles":[],"fullName":"renders Create Smart Ticket page","status":"passed","title":"renders Create Smart Ticket page","duration":80.66558800000007,"failureMessages":[],"meta":{}}],"startTime":1752754093690,"endTime":1752754093770.6655,"status":"passed","message":"","name":"/home/snake/Documents/3yp-railLynk-front/src/__test__/unit/CreateSmartTicket.test.jsx"},{"assertionResults":[{"ancestorTitles":["Footer Component","Rendering"],"fullName":"Footer Component Rendering renders without crashing","status":"passed","title":"renders without crashing","duration":38.11043399999994,"failureMessages":[],"meta":{}},{"ancestorTitles":["Footer Component","Rendering"],"fullName":"Footer Component Rendering displays company/project name","status":"passed","title":"displays company/project name","duration":97.15920099999994,"failureMessages":[],"meta":{}},{"ancestorTitles":["Footer Component","Rendering"],"fullName":"Footer Component Rendering displays current year or copyright information","status":"passed","title":"displays current year or copyright information","duration":12.585861000000023,"failureMessages":[],"meta":{}},{"ancestorTitles":["Footer Component","Accessibility"],"fullName":"Footer Component Accessibility has proper semantic structure","status":"passed","title":"has proper semantic structure","duration":25.6414470000002,"failureMessages":[],"meta":{}},{"ancestorTitles":["Footer Component","Styling"],"fullName":"Footer Component Styling applies footer CSS classes","status":"passed","title":"applies footer CSS classes","duration":12.554200000000037,"failureMessages":[],"meta":{}}],"startTime":1752754092051,"endTime":1752754092237.5542,"status":"passed","message":"","name":"/home/snake/Documents/3yp-railLynk-front/src/__test__/unit/Footer.test.jsx"},{"assertionResults":[{"ancestorTitles":[],"fullName":"renders the Home page","status":"passed","title":"renders the Home page","duration":88.50207299999988,"failureMessages":[],"meta":{}}],"startTime":1752754093713,"endTime":1752754093801.502,"status":"passed","message":"","name":"/home/snake/Documents/3yp-railLynk-front/src/__test__/unit/Home.test.jsx"},{"assertionResults":[{"ancestorTitles":["Login Component"],"fullName":"Login Component renders login form with default passenger option","status":"passed","title":"renders login form with default passenger option","duration":149.42886499999986,"failureMessages":[],"meta":{}},{"ancestorTitles":["Login Component"],"fullName":"Login Component switches to station login form when selected","status":"passed","title":"switches to station login form when selected","duration":210.27474499999994,"failureMessages":[],"meta":{}},{"ancestorTitles":["Login Component"],"fullName":"Login Component does not show station-specific fields for passenger login","status":"passed","title":"does not show station-specific fields for passenger login","duration":22.179961000000276,"failureMessages":[],"meta":{}},{"ancestorTitles":["Login Component"],"fullName":"Login Component calls login function when login button is clicked","status":"passed","title":"calls login function when login button is clicked","duration":204.99659199999996,"failureMessages":[],"meta":{}}],"startTime":1752754091911,"endTime":1752754092497.9966,"status":"passed","message":"","name":"/home/snake/Documents/3yp-railLynk-front/src/__test__/unit/Login.test.jsx"},{"assertionResults":[{"ancestorTitles":[],"fullName":"renders logo and default navigation links","status":"passed","title":"renders logo and default navigation links","duration":86.04232400000001,"failureMessages":[],"meta":{}},{"ancestorTitles":[],"fullName":"toggles hamburger menu visibility","status":"passed","title":"toggles hamburger menu visibility","duration":102.90654999999992,"failureMessages":[],"meta":{}}],"startTime":1752754092095,"endTime":1752754092283.9065,"status":"passed","message":"","name":"/home/snake/Documents/3yp-railLynk-front/src/__test__/unit/Navbar.test.jsx"},{"assertionResults":[{"ancestorTitles":[],"fullName":"renders Passenger Dashboard page","status":"passed","title":"renders Passenger Dashboard page","duration":178.74365799999987,"failureMessages":[],"meta":{}}],"startTime":1752754092266,"endTime":1752754092444.7437,"status":"passed","message":"","name":"/home/snake/Documents/3yp-railLynk-front/src/__test__/unit/PassengerDashboard.test.jsx"},{"assertionResults":[{"ancestorTitles":[],"fullName":"renders Passenger Profile page","status":"passed","title":"renders Passenger Profile page","duration":104.7873219999999,"failureMessages":[],"meta":{}}],"startTime":1752754093642,"endTime":1752754093746.7874,"status":"passed","message":"","name":"/home/snake/Documents/3yp-railLynk-front/src/__test__/unit/PassengerProfile.test.jsx"},{"assertionResults":[{"ancestorTitles":[],"fullName":"renders Passenger Register page","status":"passed","title":"renders Passenger Register page","duration":234.1745699999999,"failureMessages":[],"meta":{}}],"startTime":1752754092452,"endTime":1752754092686.1746,"status":"passed","message":"","name":"/home/snake/Documents/3yp-railLynk-front/src/__test__/unit/PassengerRegister.test.jsx"},{"assertionResults":[{"ancestorTitles":[],"fullName":"displays password mismatch error","status":"passed","title":"displays password mismatch error","duration":173.89835000000016,"failureMessages":[],"meta":{}}],"startTime":1752754092345,"endTime":1752754092518.8984,"status":"passed","message":"","name":"/home/snake/Documents/3yp-railLynk-front/src/__test__/unit/PassengerRegister2.test.jsx"},{"assertionResults":[{"ancestorTitles":[],"fullName":"renders Passengers page","status":"passed","title":"renders Passengers page","duration":63.72739200000001,"failureMessages":[],"meta":{}}],"startTime":1752754093804,"endTime":1752754093867.7273,"status":"passed","message":"","name":"/home/snake/Documents/3yp-railLynk-front/src/__test__/unit/PassengersPage.test.jsx"},{"assertionResults":[{"ancestorTitles":["ProtectedRoute Component","Authentication Check"],"fullName":"ProtectedRoute Component Authentication Check renders protected content when user has correct role","status":"passed","title":"renders protected content when user has correct role","duration":41.6997429999999,"failureMessages":[],"meta":{}},{"ancestorTitles":["ProtectedRoute Component","Authentication Check"],"fullName":"ProtectedRoute Component Authentication Check redirects when user lacks required role","status":"passed","title":"redirects when user lacks required role","duration":13.572847000000138,"failureMessages":[],"meta":{}},{"ancestorTitles":["ProtectedRoute Component","Authentication Check"],"fullName":"ProtectedRoute Component Authentication Check redirects when user is not authenticated","status":"passed","title":"redirects when user is not authenticated","duration":11.883933999999954,"failureMessages":[],"meta":{}},{"ancestorTitles":["ProtectedRoute Component","Authentication Check"],"fullName":"ProtectedRoute Component Authentication Check allows access for multiple allowed roles","status":"passed","title":"allows access for multiple allowed roles","duration":7.157441999999946,"failureMessages":[],"meta":{}},{"ancestorTitles":["ProtectedRoute Component","Custom Redirect Path"],"fullName":"ProtectedRoute Component Custom Redirect Path redirects to custom path when specified","status":"passed","title":"redirects to custom path when specified","duration":9.991911999999957,"failureMessages":[],"meta":{}},{"ancestorTitles":["ProtectedRoute Component","Edge Cases"],"fullName":"ProtectedRoute Component Edge Cases handles empty allowed roles array","status":"passed","title":"handles empty allowed roles array","duration":8.750052000000096,"failureMessages":[],"meta":{}},{"ancestorTitles":["ProtectedRoute Component","Edge Cases"],"fullName":"ProtectedRoute Component Edge Cases handles null user type","status":"passed","title":"handles null user type","duration":10.305721000000176,"failureMessages":[],"meta":{}},{"ancestorTitles":["ProtectedRoute Component","Edge Cases"],"fullName":"ProtectedRoute Component Edge Cases handles case-sensitive role checking","status":"passed","title":"handles case-sensitive role checking","duration":9.399119999999812,"failureMessages":[],"meta":{}}],"startTime":1752754089772,"endTime":1752754089885.3992,"status":"passed","message":"","name":"/home/snake/Documents/3yp-railLynk-front/src/__test__/unit/ProtectedRoute.test.jsx"},{"assertionResults":[{"ancestorTitles":[],"fullName":"renders title and shows loading state","status":"passed","title":"renders title and shows loading state","duration":48.071875999999975,"failureMessages":[],"meta":{}},{"ancestorTitles":[],"fullName":"shows 'No recharge history found.' when data is empty","status":"passed","title":"shows 'No recharge history found.' when data is empty","duration":35.75939500000004,"failureMessages":[],"meta":{}},{"ancestorTitles":[],"fullName":"displays recharge table with data","status":"passed","title":"displays recharge table with data","duration":61.349204999999984,"failureMessages":[],"meta":{}},{"ancestorTitles":[],"fullName":"handles API errors and shows empty message","status":"passed","title":"handles API errors and shows empty message","duration":26.74985599999991,"failureMessages":[],"meta":{}}],"startTime":1752754089908,"endTime":1752754090081.7498,"status":"passed","message":"","name":"/home/snake/Documents/3yp-railLynk-front/src/__test__/unit/RechargeHistory.test.jsx"},{"assertionResults":[{"ancestorTitles":[],"fullName":"renders Recharge page","status":"passed","title":"renders Recharge page","duration":186.3058779999999,"failureMessages":[],"meta":{}}],"startTime":1752754093703,"endTime":1752754093889.306,"status":"passed","message":"","name":"/home/snake/Documents/3yp-railLynk-front/src/__test__/unit/RechargePage.test.jsx"},{"assertionResults":[{"ancestorTitles":[],"fullName":"renders Station Register page","status":"passed","title":"renders Station Register page","duration":96.96301700000004,"failureMessages":[],"meta":{}}],"startTime":1752754092341,"endTime":1752754092437.9631,"status":"passed","message":"","name":"/home/snake/Documents/3yp-railLynk-front/src/__test__/unit/StationRegister.test.jsx"},{"assertionResults":[{"ancestorTitles":[],"fullName":"renders title and loading state","status":"passed","title":"renders title and loading state","duration":153.642061,"failureMessages":[],"meta":{}},{"ancestorTitles":[],"fullName":"shows 'No transactions found' when both lists are empty","status":"passed","title":"shows 'No transactions found' when both lists are empty","duration":38.47098300000016,"failureMessages":[],"meta":{}}],"startTime":1752754092168,"endTime":1752754092360.471,"status":"passed","message":"","name":"/home/snake/Documents/3yp-railLynk-front/src/__test__/unit/TransactionPage.test.jsx"},{"assertionResults":[{"ancestorTitles":["TransactionPageHolderForStation"],"fullName":"TransactionPageHolderForStation should render without crashing","status":"passed","title":"should render without crashing","duration":63.397968999999875,"failureMessages":[],"meta":{}},{"ancestorTitles":["TransactionPageHolderForStation"],"fullName":"TransactionPageHolderForStation should render TransactionPage component","status":"passed","title":"should render TransactionPage component","duration":37.348166999999876,"failureMessages":[],"meta":{}},{"ancestorTitles":["TransactionPageHolderForStation"],"fullName":"TransactionPageHolderForStation should pass correct title to TransactionPage","status":"passed","title":"should pass correct title to TransactionPage","duration":15.394224000000122,"failureMessages":[],"meta":{}},{"ancestorTitles":["TransactionPageHolderForStation"],"fullName":"TransactionPageHolderForStation should have correct component structure","status":"passed","title":"should have correct component structure","duration":17.499301999999943,"failureMessages":[],"meta":{}},{"ancestorTitles":["TransactionPageHolderForStation"],"fullName":"TransactionPageHolderForStation should be a wrapper component for TransactionPage","status":"passed","title":"should be a wrapper component for TransactionPage","duration":16.31791599999997,"failureMessages":[],"meta":{}}],"startTime":1752754089859,"endTime":1752754090009.3179,"status":"passed","message":"","name":"/home/snake/Documents/3yp-railLynk-front/src/__test__/unit/TransactionPageHolderForStation.test.jsx"}]}
